2013-07-25 16:16:52 Warning: Warning (2): Invalid argument supplied for foreach() in [APP/views/elements/left_menu.ctp, line 5]
2013-07-25 17:30:29 Warning: Warning (2): Invalid argument supplied for foreach() in [APP/views/elements/left_menu.ctp, line 5]
2013-07-25 17:33:29 Warning: Warning (2): Invalid argument supplied for foreach() in [APP/views/elements/left_menu.ctp, line 5]
2013-07-25 17:38:45 Warning: Warning (2): Invalid argument supplied for foreach() in [APP/views/elements/left_menu.ctp, line 5]
2013-07-25 17:39:01 Warning: Warning (2): Invalid argument supplied for foreach() in [APP/views/elements/left_menu.ctp, line 5]
2013-07-26 13:47:13 Warning: Warning (2): Invalid argument supplied for foreach() in [APP/views/elements/left_menu.ctp, line 5]
2013-07-26 13:47:45 Warning: Warning (2): Invalid argument supplied for foreach() in [APP/views/elements/left_menu.ctp, line 5]
2013-07-26 13:49:35 Warning: Warning (2): Invalid argument supplied for foreach() in [APP/views/reports/pmg.ctp, line 4]
2013-07-26 13:49:40 Warning: Warning (2): Invalid argument supplied for foreach() in [APP/views/reports/pmg.ctp, line 4]
2013-07-26 13:54:32 Warning: Warning (2): Invalid argument supplied for foreach() in [APP/views/reports/pmg.ctp, line 4]
2013-07-26 14:41:30 Warning: Warning (2): Invalid argument supplied for foreach() in [APP/views/elements/left_menu.ctp, line 5]
2013-07-26 14:41:48 Warning: Warning (2): Invalid argument supplied for foreach() in [APP/views/reports/inventory_record.ctp, line 168]
2013-07-26 16:01:13 Warning: Warning (2): Invalid argument supplied for foreach() in [APP/views/elements/left_menu.ctp, line 5]
2013-07-26 16:01:17 Warning: Warning (2): Invalid argument supplied for foreach() in [APP/views/elements/left_menu.ctp, line 5]
2013-07-26 16:01:21 Warning: Warning (2): Invalid argument supplied for foreach() in [APP/views/elements/left_menu.ctp, line 5]
2013-07-26 16:23:33 Warning: Warning (2): Invalid argument supplied for foreach() in [APP/views/elements/left_menu.ctp, line 5]
2013-07-29 17:20:15 Warning: Warning (2): mysql_connect() [http://php.net/function.mysql-connect]: Can't connect to local MySQL server through socket '/var/run/mysqld/mysqld.sock' (2) in [CORE/cake/libs/model/datasources/dbo/dbo_mysql.php, line 454]
2013-07-29 17:20:15 Warning: Warning (2): mysql_select_db() expects parameter 2 to be resource, boolean given in [CORE/cake/libs/model/datasources/dbo/dbo_mysql.php, line 460]
2013-07-29 17:20:15 Warning: Warning (2): mysql_get_server_info() expects parameter 1 to be resource, boolean given in [CORE/cake/libs/model/datasources/dbo/dbo_mysql.php, line 468]
2013-07-29 17:20:15 Warning: Warning (2): mysql_query() expects parameter 2 to be resource, boolean given in [CORE/cake/libs/model/datasources/dbo/dbo_mysql.php, line 500]
2013-07-29 17:20:15 Warning: Warning (2): Invalid argument supplied for foreach() in [APP/views/elements/left_menu.ctp, line 5]
2013-07-31 13:07:14 Warning: Warning (2): Invalid argument supplied for foreach() in [APP/views/reports/inventory_record.ctp, line 168]
2013-08-05 13:47:20 Warning: Warning (2): Invalid argument supplied for foreach() in [APP/views/reports/inventory_record.ctp, line 168]
2013-08-05 13:52:02 Warning: Warning (2): Invalid argument supplied for foreach() in [APP/views/reports/inventory_record.ctp, line 168]
2013-08-05 14:00:21 Warning: Warning (2): Invalid argument supplied for foreach() in [APP/views/reports/inventory_record.ctp, line 168]
2013-08-05 19:03:26 Warning: Warning (2): Invalid argument supplied for foreach() in [APP/views/reports/inventory_record.ctp, line 168]
2013-08-06 15:20:11 Warning: Warning (2): Invalid argument supplied for foreach() in [APP/views/reports/inventory_record.ctp, line 168]
2013-08-07 15:23:13 Warning: Warning (2): Invalid argument supplied for foreach() in [APP/views/reports/inventory_record.ctp, line 168]
2013-08-07 15:38:51 Warning: Warning (2): Invalid argument supplied for foreach() in [APP/views/reports/inventory_record.ctp, line 168]
2013-08-12 13:10:59 Warning: Warning (2): Invalid argument supplied for foreach() in [APP/views/reports/inventory_record.ctp, line 168]
2013-08-12 15:18:42 Warning: Warning (2): Invalid argument supplied for foreach() in [APP/views/elements/left_menu.ctp, line 5]
2013-08-12 15:18:54 Warning: Warning (2): Invalid argument supplied for foreach() in [APP/views/elements/left_menu.ctp, line 5]
2013-08-12 18:12:35 Warning: Warning (2): Invalid argument supplied for foreach() in [APP/views/elements/left_menu.ctp, line 5]
2013-08-12 18:12:46 Warning: Warning (2): Invalid argument supplied for foreach() in [APP/views/elements/left_menu.ctp, line 5]
2013-08-13 17:38:02 Warning: Warning (2): Invalid argument supplied for foreach() in [APP/views/elements/left_menu.ctp, line 5]
2013-08-13 17:38:14 Warning: Warning (2): Invalid argument supplied for foreach() in [APP/views/elements/left_menu.ctp, line 5]
2013-08-23 13:35:25 Warning: Warning (2): Invalid argument supplied for foreach() in [APP/views/reports/inventory_record.ctp, line 168]
2013-08-23 15:50:37 Warning: Warning (2): Invalid argument supplied for foreach() in [APP/views/reports/inventory_record.ctp, line 168]
2013-08-23 16:01:26 Warning: Warning (2): Invalid argument supplied for foreach() in [APP/views/reports/inventory_record.ctp, line 168]
2013-08-23 16:01:42 Warning: Warning (2): Invalid argument supplied for foreach() in [APP/views/reports/inventory_record.ctp, line 168]
2013-08-26 14:22:51 Warning: Warning (2): end() expects parameter 1 to be array, null given in [APP/views/helpers/jqgrid.php, line 42]
2013-08-26 14:22:51 Warning: Warning (2): Invalid argument supplied for foreach() in [APP/views/helpers/jqgrid.php, line 43]
2013-08-26 14:22:55 Warning: Warning (2): end() expects parameter 1 to be array, null given in [APP/views/helpers/jqgrid.php, line 42]
2013-08-26 14:22:55 Warning: Warning (2): Invalid argument supplied for foreach() in [APP/views/helpers/jqgrid.php, line 43]
2013-08-26 14:24:19 Warning: Warning (2): end() expects parameter 1 to be array, null given in [APP/views/helpers/jqgrid.php, line 42]
2013-08-26 14:24:19 Warning: Warning (2): Invalid argument supplied for foreach() in [APP/views/helpers/jqgrid.php, line 43]
2013-08-26 14:24:54 Warning: Warning (2): end() expects parameter 1 to be array, null given in [APP/views/helpers/jqgrid.php, line 42]
2013-08-26 14:24:54 Warning: Warning (2): Invalid argument supplied for foreach() in [APP/views/helpers/jqgrid.php, line 43]
2013-08-26 14:25:44 Warning: Warning (2): end() expects parameter 1 to be array, null given in [APP/views/helpers/jqgrid.php, line 42]
2013-08-26 14:25:44 Warning: Warning (2): Invalid argument supplied for foreach() in [APP/views/helpers/jqgrid.php, line 43]
2013-08-26 14:25:47 Warning: Warning (2): end() expects parameter 1 to be array, null given in [APP/views/helpers/jqgrid.php, line 42]
2013-08-26 14:25:47 Warning: Warning (2): Invalid argument supplied for foreach() in [APP/views/helpers/jqgrid.php, line 43]
2013-08-26 14:25:53 Warning: Warning (2): end() expects parameter 1 to be array, null given in [APP/views/helpers/jqgrid.php, line 42]
2013-08-26 14:25:53 Warning: Warning (2): Invalid argument supplied for foreach() in [APP/views/helpers/jqgrid.php, line 43]
2013-08-26 14:25:59 Warning: Warning (2): end() expects parameter 1 to be array, null given in [APP/views/helpers/jqgrid.php, line 42]
2013-08-26 14:25:59 Warning: Warning (2): Invalid argument supplied for foreach() in [APP/views/helpers/jqgrid.php, line 43]
2013-08-26 16:52:28 Warning: Warning (2): Invalid argument supplied for foreach() in [APP/controllers/components/file.php, line 18]
2013-08-26 17:27:08 Warning: Warning (2): Cannot modify header information - headers already sent by (output started at /var/www/subdere/cake/libs/debugger.php:504) in [CORE/cake/libs/controller/controller.php, line 647]
2013-08-26 17:28:34 Warning: Warning (2): Cannot modify header information - headers already sent by (output started at /var/www/subdere/cake/libs/debugger.php:504) in [CORE/cake/libs/controller/controller.php, line 647]
2013-08-26 17:29:26 Warning: Warning (2): Cannot modify header information - headers already sent by (output started at /var/www/subdere/cake/libs/debugger.php:504) in [CORE/cake/libs/controller/controller.php, line 647]
2013-08-27 14:31:41 Warning: Warning (2): Invalid argument supplied for foreach() in [APP/views/elements/left_menu.ctp, line 5]
2013-08-27 14:34:16 Warning: Warning (2): Invalid argument supplied for foreach() in [APP/views/elements/left_menu.ctp, line 5]
2013-08-27 14:34:30 Warning: Warning (2): Invalid argument supplied for foreach() in [APP/views/elements/left_menu.ctp, line 5]
2013-08-28 13:17:43 Warning: Warning (2): Invalid argument supplied for foreach() in [APP/views/reports/inventory_record.ctp, line 168]
2013-08-29 15:27:54 Warning: Warning (2): Invalid argument supplied for foreach() in [APP/views/reports/inventory_record.ctp, line 168]
2013-09-05 16:59:05 Warning: Warning (2): Invalid argument supplied for foreach() in [APP/views/elements/left_menu.ctp, line 5]
2013-09-05 17:00:14 Warning: Warning (2): Invalid argument supplied for foreach() in [APP/views/elements/left_menu.ctp, line 5]
2013-09-11 17:16:30 Error: mes_created: 12
2013-09-11 17:16:30 Error: mes_created: 12
2013-09-11 17:16:30 Error: mes_created: 12
2013-09-11 17:16:30 Error: mes_created: 12
2013-09-11 17:16:30 Error: mes_created: 12
2013-09-11 17:16:30 Error: mes_created: 12
2013-09-11 17:16:30 Error: mes_created: 12
2013-09-11 17:16:30 Error: mes_created: 12
2013-09-11 17:16:30 Error: mes_created: 12
2013-09-11 17:16:30 Error: mes_created: 12
2013-09-11 17:16:30 Error: mes_created: 12
2013-09-11 17:16:30 Error: mes_created: 12
2013-09-11 17:16:30 Error: mes_created: 12
2013-09-11 17:16:30 Error: mes_created: 12
2013-09-11 17:16:30 Error: mes_created: 12
2013-09-11 17:16:37 Error: mes_created: 12
2013-09-11 17:16:37 Error: mes_created: 12
2013-09-11 17:16:37 Error: mes_created: 12
2013-09-11 17:16:37 Error: mes_created: 12
2013-09-11 17:16:37 Error: mes_created: 12
2013-09-11 17:16:37 Error: mes_created: 12
2013-09-11 17:16:37 Error: mes_created: 12
2013-09-11 17:16:37 Error: mes_created: 12
2013-09-11 17:16:37 Error: mes_created: 12
2013-09-11 17:16:37 Error: mes_created: 12
2013-09-11 17:16:37 Error: mes_created: 12
2013-09-11 17:16:37 Error: mes_created: 12
2013-09-11 17:16:37 Error: mes_created: 12
2013-09-11 17:16:37 Error: mes_created: 12
2013-09-11 17:16:37 Error: mes_created: 12
2013-10-01 16:48:46 Warning: Warning (2): Division by zero in [APP/views/helpers/minju.php, line 95]
2013-10-01 16:49:16 Warning: Warning (2): Division by zero in [APP/views/helpers/minju.php, line 95]
2013-10-01 16:51:44 Warning: Warning (2): Cannot modify header information - headers already sent by (output started at /var/www/subdere/cake/basics.php:305) in [APP/views/inventory_assets/indextable.ctp, line 2]
2013-10-01 16:51:53 Warning: Warning (2): Cannot modify header information - headers already sent by (output started at /var/www/subdere/cake/basics.php:305) in [APP/views/inventory_assets/indextable.ctp, line 2]
2013-10-01 16:59:51 Warning: Warning (2): Cannot modify header information - headers already sent by (output started at /var/www/subdere/cake/basics.php:103) in [APP/views/inventory_assets/indextable.ctp, line 2]
2013-10-01 17:00:02 Warning: Warning (2): Cannot modify header information - headers already sent by (output started at /var/www/subdere/cake/basics.php:103) in [APP/views/inventory_assets/indextable.ctp, line 2]
2013-11-15 13:40:20 Warning: Warning (2): Invalid argument supplied for foreach() in [APP/views/elements/left_menu.ctp, line 5]
2013-11-15 13:42:20 Warning: Warning (2): Invalid argument supplied for foreach() in [APP/views/elements/left_menu.ctp, line 5]
2013-11-15 13:42:24 Warning: Warning (2): Invalid argument supplied for foreach() in [APP/views/elements/left_menu.ctp, line 5]
2013-11-15 13:43:58 Warning: Warning (2): Invalid argument supplied for foreach() in [APP/views/elements/left_menu.ctp, line 5]
2013-11-15 13:45:00 Warning: Warning (2): Invalid argument supplied for foreach() in [APP/views/elements/left_menu.ctp, line 5]
2013-11-15 13:45:29 Warning: Warning (2): Cannot modify header information - headers already sent by (output started at /var/www/mds_inventario/cake/libs/configure.php:327) in [CORE/cake/libs/controller/controller.php, line 647]
2013-11-15 13:52:23 Warning: Warning (512): <span style = "color:Red;text-align:left"><b>SQL Error:</b> 1054: Unknown column 'User.departmet_id' in 'on clause'</span> in [CORE/cake/libs/model/datasources/dbo_source.php, line 527]
2013-11-15 13:52:23 Warning: Warning (512): <span style = "color:Red;text-align:left"><b>SQL Error:</b> 1054: Unknown column 'User.departmet_id' in 'on clause'</span> in [CORE/cake/libs/model/datasources/dbo_source.php, line 527]
2013-11-15 13:52:30 Warning: Warning (512): <span style = "color:Red;text-align:left"><b>SQL Error:</b> 1054: Unknown column 'User.departmet_id' in 'on clause'</span> in [CORE/cake/libs/model/datasources/dbo_source.php, line 527]
2013-11-15 13:52:30 Warning: Warning (512): <span style = "color:Red;text-align:left"><b>SQL Error:</b> 1054: Unknown column 'User.departmet_id' in 'on clause'</span> in [CORE/cake/libs/model/datasources/dbo_source.php, line 527]
2013-11-15 13:52:33 Warning: Warning (512): <span style = "color:Red;text-align:left"><b>SQL Error:</b> 1054: Unknown column 'User.departmet_id' in 'on clause'</span> in [CORE/cake/libs/model/datasources/dbo_source.php, line 527]
2013-11-15 13:52:33 Warning: Warning (2): Cannot modify header information - headers already sent by (output started at /var/www/mds_inventario/cake/libs/debugger.php:504) in [CORE/cake/libs/controller/controller.php, line 647]
2013-11-15 13:53:01 Warning: Warning (2): Cannot modify header information - headers already sent by (output started at /var/www/mds_inventario/cake/libs/configure.php:327) in [CORE/cake/libs/controller/controller.php, line 647]
2013-11-15 13:53:21 Warning: Warning (2): Cannot modify header information - headers already sent by (output started at /var/www/mds_inventario/cake/libs/configure.php:327) in [CORE/cake/libs/controller/controller.php, line 647]
2013-11-15 13:53:23 Warning: Warning (2): Cannot modify header information - headers already sent by (output started at /var/www/mds_inventario/cake/libs/configure.php:327) in [CORE/cake/libs/controller/controller.php, line 647]
2013-11-15 13:53:25 Warning: Warning (2): Cannot modify header information - headers already sent by (output started at /var/www/mds_inventario/cake/libs/configure.php:327) in [CORE/cake/libs/controller/controller.php, line 647]
2013-11-15 13:53:27 Warning: Warning (2): Cannot modify header information - headers already sent by (output started at /var/www/mds_inventario/cake/libs/configure.php:327) in [CORE/cake/libs/controller/controller.php, line 647]
2013-11-15 13:53:28 Warning: Warning (2): Cannot modify header information - headers already sent by (output started at /var/www/mds_inventario/cake/libs/configure.php:327) in [CORE/cake/libs/controller/controller.php, line 647]
2013-11-15 13:59:09 Warning: Warning (2): Cannot modify header information - headers already sent by (output started at /var/www/mds_inventario/cake/libs/configure.php:327) in [CORE/cake/libs/controller/controller.php, line 647]
2013-11-15 13:59:10 Warning: Warning (2): Cannot modify header information - headers already sent by (output started at /var/www/mds_inventario/cake/libs/configure.php:327) in [CORE/cake/libs/controller/controller.php, line 647]
2013-11-15 15:54:52 Warning: Warning (2): Invalid argument supplied for foreach() in [APP/views/elements/left_menu.ctp, line 5]
2013-11-28 12:03:11 Warning: Warning (2): Invalid argument supplied for foreach() in [APP/views/purchase_orders/index.ctp, line 612]
2013-11-28 13:39:53 Warning: Warning (512): <span style = "color:Red;text-align:left"><b>SQL Error:</b> 1452: Cannot add or update a child row: a foreign key constraint fails (`mds_inventario`.`purchase_order_details`, CONSTRAINT `purchase_order_details_ibfk_2` FOREIGN KEY (`asset_id`) REFERENCES `assets` (`id`) ON DELETE CASCADE ON UPDATE CASCADE)</span> in [CORE/cake/libs/model/datasources/dbo_source.php, line 527]
2013-11-28 13:39:53 Warning: Warning (2): Cannot modify header information - headers already sent by (output started at /var/www/mds_inventario/cake/libs/configure.php:327) in [CORE/cake/libs/controller/controller.php, line 647]
2013-11-29 14:47:24 Warning: Warning (2): Invalid argument supplied for foreach() in [APP/views/elements/left_menu.ctp, line 5]
2013-11-29 14:47:25 Warning: Warning (2): Invalid argument supplied for foreach() in [APP/views/elements/left_menu.ctp, line 5]
2013-11-29 14:47:32 Warning: Warning (2): Invalid argument supplied for foreach() in [APP/views/elements/left_menu.ctp, line 5]
2013-11-29 14:47:33 Warning: Warning (2): Invalid argument supplied for foreach() in [APP/views/elements/left_menu.ctp, line 5]
2013-11-29 14:47:34 Warning: Warning (2): Invalid argument supplied for foreach() in [APP/views/elements/left_menu.ctp, line 5]
2013-11-29 14:49:17 Warning: Warning (2): Invalid argument supplied for foreach() in [APP/views/elements/left_menu.ctp, line 5]
2013-11-29 14:51:19 Warning: Warning (2): Invalid argument supplied for foreach() in [APP/views/elements/left_menu.ctp, line 5]
2014-09-05 10:09:34 Warning: Warning (2): mysql_connect() [http://php.net/function.mysql-connect]: Access denied for user 'root'@'localhost' (using password: YES) in [CORE/cake/libs/model/datasources/dbo/dbo_mysql.php, line 454]
2014-09-05 10:09:34 Warning: Warning (2): mysql_select_db() expects parameter 2 to be resource, boolean given in [CORE/cake/libs/model/datasources/dbo/dbo_mysql.php, line 460]
2014-09-05 10:09:34 Warning: Warning (2): mysql_query() expects parameter 2 to be resource, boolean given in [CORE/cake/libs/model/datasources/dbo/dbo_mysql.php, line 500]
2014-09-05 10:09:34 Warning: Warning (2): mysql_get_server_info() expects parameter 1 to be resource, boolean given in [CORE/cake/libs/model/datasources/dbo/dbo_mysql.php, line 468]
2014-09-05 10:09:34 Warning: Warning (2): Invalid argument supplied for foreach() in [APP/views/elements/left_menu.ctp, line 5]
2014-09-05 10:17:53 Warning: Warning (2): mysql_connect() [http://php.net/function.mysql-connect]: Access denied for user 'root'@'localhost' (using password: YES) in [CORE/cake/libs/model/datasources/dbo/dbo_mysql.php, line 454]
2014-09-05 10:17:53 Warning: Warning (2): mysql_select_db() expects parameter 2 to be resource, boolean given in [CORE/cake/libs/model/datasources/dbo/dbo_mysql.php, line 460]
2014-09-05 10:17:53 Warning: Warning (2): mysql_query() expects parameter 2 to be resource, boolean given in [CORE/cake/libs/model/datasources/dbo/dbo_mysql.php, line 500]
2014-09-05 10:17:53 Warning: Warning (2): mysql_get_server_info() expects parameter 1 to be resource, boolean given in [CORE/cake/libs/model/datasources/dbo/dbo_mysql.php, line 468]
2014-09-05 10:17:53 Warning: Warning (2): Invalid argument supplied for foreach() in [APP/views/elements/left_menu.ctp, line 5]
2014-09-05 10:17:54 Warning: Warning (2): mysql_connect() [http://php.net/function.mysql-connect]: Access denied for user 'root'@'localhost' (using password: YES) in [CORE/cake/libs/model/datasources/dbo/dbo_mysql.php, line 454]
2014-09-05 10:17:54 Warning: Warning (2): mysql_select_db() expects parameter 2 to be resource, boolean given in [CORE/cake/libs/model/datasources/dbo/dbo_mysql.php, line 460]
2014-09-05 10:17:54 Warning: Warning (2): mysql_query() expects parameter 2 to be resource, boolean given in [CORE/cake/libs/model/datasources/dbo/dbo_mysql.php, line 500]
2014-09-05 10:17:54 Warning: Warning (2): mysql_get_server_info() expects parameter 1 to be resource, boolean given in [CORE/cake/libs/model/datasources/dbo/dbo_mysql.php, line 468]
2014-09-05 10:17:54 Warning: Warning (2): Invalid argument supplied for foreach() in [APP/views/elements/left_menu.ctp, line 5]
2014-09-05 10:18:02 Warning: Warning (2): mysql_connect() [http://php.net/function.mysql-connect]: Access denied for user 'inventario'@'localhost' (using password: YES) in [CORE/cake/libs/model/datasources/dbo/dbo_mysql.php, line 454]
2014-09-05 10:18:02 Warning: Warning (2): mysql_select_db() expects parameter 2 to be resource, boolean given in [CORE/cake/libs/model/datasources/dbo/dbo_mysql.php, line 460]
2014-09-05 10:18:02 Warning: Warning (2): mysql_query() expects parameter 2 to be resource, boolean given in [CORE/cake/libs/model/datasources/dbo/dbo_mysql.php, line 500]
2014-09-05 10:18:02 Warning: Warning (2): mysql_get_server_info() expects parameter 1 to be resource, boolean given in [CORE/cake/libs/model/datasources/dbo/dbo_mysql.php, line 468]
2014-09-05 10:18:02 Warning: Warning (2): Invalid argument supplied for foreach() in [APP/views/elements/left_menu.ctp, line 5]
2014-09-05 10:18:03 Warning: Warning (2): mysql_connect() [http://php.net/function.mysql-connect]: Access denied for user 'inventario'@'localhost' (using password: YES) in [CORE/cake/libs/model/datasources/dbo/dbo_mysql.php, line 454]
2014-09-05 10:18:03 Warning: Warning (2): mysql_select_db() expects parameter 2 to be resource, boolean given in [CORE/cake/libs/model/datasources/dbo/dbo_mysql.php, line 460]
2014-09-05 10:18:03 Warning: Warning (2): mysql_query() expects parameter 2 to be resource, boolean given in [CORE/cake/libs/model/datasources/dbo/dbo_mysql.php, line 500]
2014-09-05 10:18:03 Warning: Warning (2): mysql_get_server_info() expects parameter 1 to be resource, boolean given in [CORE/cake/libs/model/datasources/dbo/dbo_mysql.php, line 468]
2014-09-05 10:18:04 Warning: Warning (2): Invalid argument supplied for foreach() in [APP/views/elements/left_menu.ctp, line 5]
2014-09-05 10:18:04 Warning: Warning (2): mysql_connect() [http://php.net/function.mysql-connect]: Access denied for user 'inventario'@'localhost' (using password: YES) in [CORE/cake/libs/model/datasources/dbo/dbo_mysql.php, line 454]
2014-09-05 10:18:04 Warning: Warning (2): mysql_select_db() expects parameter 2 to be resource, boolean given in [CORE/cake/libs/model/datasources/dbo/dbo_mysql.php, line 460]
2014-09-05 10:18:04 Warning: Warning (2): mysql_query() expects parameter 2 to be resource, boolean given in [CORE/cake/libs/model/datasources/dbo/dbo_mysql.php, line 500]
2014-09-05 10:18:04 Warning: Warning (2): mysql_get_server_info() expects parameter 1 to be resource, boolean given in [CORE/cake/libs/model/datasources/dbo/dbo_mysql.php, line 468]
2014-09-05 10:18:04 Warning: Warning (2): Invalid argument supplied for foreach() in [APP/views/elements/left_menu.ctp, line 5]
2014-09-05 10:18:05 Warning: Warning (2): mysql_connect() [http://php.net/function.mysql-connect]: Access denied for user 'inventario'@'localhost' (using password: YES) in [CORE/cake/libs/model/datasources/dbo/dbo_mysql.php, line 454]
2014-09-05 10:18:05 Warning: Warning (2): mysql_select_db() expects parameter 2 to be resource, boolean given in [CORE/cake/libs/model/datasources/dbo/dbo_mysql.php, line 460]
2014-09-05 10:18:05 Warning: Warning (2): mysql_query() expects parameter 2 to be resource, boolean given in [CORE/cake/libs/model/datasources/dbo/dbo_mysql.php, line 500]
2014-09-05 10:18:05 Warning: Warning (2): mysql_get_server_info() expects parameter 1 to be resource, boolean given in [CORE/cake/libs/model/datasources/dbo/dbo_mysql.php, line 468]
2014-09-05 10:18:05 Warning: Warning (2): Invalid argument supplied for foreach() in [APP/views/elements/left_menu.ctp, line 5]
2014-09-05 10:18:05 Warning: Warning (2): mysql_connect() [http://php.net/function.mysql-connect]: Access denied for user 'inventario'@'localhost' (using password: YES) in [CORE/cake/libs/model/datasources/dbo/dbo_mysql.php, line 454]
2014-09-05 10:18:05 Warning: Warning (2): mysql_select_db() expects parameter 2 to be resource, boolean given in [CORE/cake/libs/model/datasources/dbo/dbo_mysql.php, line 460]
2014-09-05 10:18:05 Warning: Warning (2): mysql_query() expects parameter 2 to be resource, boolean given in [CORE/cake/libs/model/datasources/dbo/dbo_mysql.php, line 500]
2014-09-05 10:18:05 Warning: Warning (2): mysql_get_server_info() expects parameter 1 to be resource, boolean given in [CORE/cake/libs/model/datasources/dbo/dbo_mysql.php, line 468]
2014-09-05 10:18:05 Warning: Warning (2): Invalid argument supplied for foreach() in [APP/views/elements/left_menu.ctp, line 5]
2014-09-05 10:18:05 Warning: Warning (2): mysql_connect() [http://php.net/function.mysql-connect]: Access denied for user 'inventario'@'localhost' (using password: YES) in [CORE/cake/libs/model/datasources/dbo/dbo_mysql.php, line 454]
2014-09-05 10:18:05 Warning: Warning (2): mysql_select_db() expects parameter 2 to be resource, boolean given in [CORE/cake/libs/model/datasources/dbo/dbo_mysql.php, line 460]
2014-09-05 10:18:05 Warning: Warning (2): mysql_query() expects parameter 2 to be resource, boolean given in [CORE/cake/libs/model/datasources/dbo/dbo_mysql.php, line 500]
2014-09-05 10:18:05 Warning: Warning (2): mysql_get_server_info() expects parameter 1 to be resource, boolean given in [CORE/cake/libs/model/datasources/dbo/dbo_mysql.php, line 468]
2014-09-05 10:18:05 Warning: Warning (2): Invalid argument supplied for foreach() in [APP/views/elements/left_menu.ctp, line 5]
2014-09-05 10:18:06 Warning: Warning (2): mysql_connect() [http://php.net/function.mysql-connect]: Access denied for user 'inventario'@'localhost' (using password: YES) in [CORE/cake/libs/model/datasources/dbo/dbo_mysql.php, line 454]
2014-09-05 10:18:06 Warning: Warning (2): mysql_select_db() expects parameter 2 to be resource, boolean given in [CORE/cake/libs/model/datasources/dbo/dbo_mysql.php, line 460]
2014-09-05 10:18:06 Warning: Warning (2): mysql_query() expects parameter 2 to be resource, boolean given in [CORE/cake/libs/model/datasources/dbo/dbo_mysql.php, line 500]
2014-09-05 10:18:06 Warning: Warning (2): mysql_get_server_info() expects parameter 1 to be resource, boolean given in [CORE/cake/libs/model/datasources/dbo/dbo_mysql.php, line 468]
2014-09-05 10:18:06 Warning: Warning (2): Invalid argument supplied for foreach() in [APP/views/elements/left_menu.ctp, line 5]
2014-09-05 10:18:06 Warning: Warning (2): mysql_connect() [http://php.net/function.mysql-connect]: Access denied for user 'inventario'@'localhost' (using password: YES) in [CORE/cake/libs/model/datasources/dbo/dbo_mysql.php, line 454]
2014-09-05 10:18:06 Warning: Warning (2): mysql_select_db() expects parameter 2 to be resource, boolean given in [CORE/cake/libs/model/datasources/dbo/dbo_mysql.php, line 460]
2014-09-05 10:18:06 Warning: Warning (2): mysql_query() expects parameter 2 to be resource, boolean given in [CORE/cake/libs/model/datasources/dbo/dbo_mysql.php, line 500]
2014-09-05 10:18:06 Warning: Warning (2): mysql_get_server_info() expects parameter 1 to be resource, boolean given in [CORE/cake/libs/model/datasources/dbo/dbo_mysql.php, line 468]
2014-09-05 10:18:06 Warning: Warning (2): Invalid argument supplied for foreach() in [APP/views/elements/left_menu.ctp, line 5]
2014-09-05 10:18:06 Warning: Warning (2): mysql_connect() [http://php.net/function.mysql-connect]: Access denied for user 'inventario'@'localhost' (using password: YES) in [CORE/cake/libs/model/datasources/dbo/dbo_mysql.php, line 454]
2014-09-05 10:18:06 Warning: Warning (2): mysql_select_db() expects parameter 2 to be resource, boolean given in [CORE/cake/libs/model/datasources/dbo/dbo_mysql.php, line 460]
2014-09-05 10:18:06 Warning: Warning (2): mysql_query() expects parameter 2 to be resource, boolean given in [CORE/cake/libs/model/datasources/dbo/dbo_mysql.php, line 500]
2014-09-05 10:18:06 Warning: Warning (2): mysql_get_server_info() expects parameter 1 to be resource, boolean given in [CORE/cake/libs/model/datasources/dbo/dbo_mysql.php, line 468]
2014-09-05 10:18:06 Warning: Warning (2): Invalid argument supplied for foreach() in [APP/views/elements/left_menu.ctp, line 5]
2014-09-05 10:18:06 Warning: Warning (2): mysql_connect() [http://php.net/function.mysql-connect]: Access denied for user 'inventario'@'localhost' (using password: YES) in [CORE/cake/libs/model/datasources/dbo/dbo_mysql.php, line 454]
2014-09-05 10:18:06 Warning: Warning (2): mysql_select_db() expects parameter 2 to be resource, boolean given in [CORE/cake/libs/model/datasources/dbo/dbo_mysql.php, line 460]
2014-09-05 10:18:06 Warning: Warning (2): mysql_query() expects parameter 2 to be resource, boolean given in [CORE/cake/libs/model/datasources/dbo/dbo_mysql.php, line 500]
2014-09-05 10:18:06 Warning: Warning (2): mysql_get_server_info() expects parameter 1 to be resource, boolean given in [CORE/cake/libs/model/datasources/dbo/dbo_mysql.php, line 468]
2014-09-05 10:18:06 Warning: Warning (2): Invalid argument supplied for foreach() in [APP/views/elements/left_menu.ctp, line 5]
2014-09-05 10:18:07 Warning: Warning (2): mysql_connect() [http://php.net/function.mysql-connect]: Access denied for user 'inventario'@'localhost' (using password: YES) in [CORE/cake/libs/model/datasources/dbo/dbo_mysql.php, line 454]
2014-09-05 10:18:07 Warning: Warning (2): mysql_select_db() expects parameter 2 to be resource, boolean given in [CORE/cake/libs/model/datasources/dbo/dbo_mysql.php, line 460]
2014-09-05 10:18:07 Warning: Warning (2): mysql_query() expects parameter 2 to be resource, boolean given in [CORE/cake/libs/model/datasources/dbo/dbo_mysql.php, line 500]
2014-09-05 10:18:07 Warning: Warning (2): mysql_get_server_info() expects parameter 1 to be resource, boolean given in [CORE/cake/libs/model/datasources/dbo/dbo_mysql.php, line 468]
2014-09-05 10:18:07 Warning: Warning (2): Invalid argument supplied for foreach() in [APP/views/elements/left_menu.ctp, line 5]
2014-09-05 10:18:07 Warning: Warning (2): mysql_connect() [http://php.net/function.mysql-connect]: Access denied for user 'inventario'@'localhost' (using password: YES) in [CORE/cake/libs/model/datasources/dbo/dbo_mysql.php, line 454]
2014-09-05 10:18:07 Warning: Warning (2): mysql_select_db() expects parameter 2 to be resource, boolean given in [CORE/cake/libs/model/datasources/dbo/dbo_mysql.php, line 460]
2014-09-05 10:18:07 Warning: Warning (2): mysql_query() expects parameter 2 to be resource, boolean given in [CORE/cake/libs/model/datasources/dbo/dbo_mysql.php, line 500]
2014-09-05 10:18:07 Warning: Warning (2): mysql_get_server_info() expects parameter 1 to be resource, boolean given in [CORE/cake/libs/model/datasources/dbo/dbo_mysql.php, line 468]
2014-09-05 10:18:07 Warning: Warning (2): Invalid argument supplied for foreach() in [APP/views/elements/left_menu.ctp, line 5]
2014-09-05 10:18:07 Warning: Warning (2): mysql_connect() [http://php.net/function.mysql-connect]: Access denied for user 'inventario'@'localhost' (using password: YES) in [CORE/cake/libs/model/datasources/dbo/dbo_mysql.php, line 454]
2014-09-05 10:18:07 Warning: Warning (2): mysql_select_db() expects parameter 2 to be resource, boolean given in [CORE/cake/libs/model/datasources/dbo/dbo_mysql.php, line 460]
2014-09-05 10:18:07 Warning: Warning (2): mysql_query() expects parameter 2 to be resource, boolean given in [CORE/cake/libs/model/datasources/dbo/dbo_mysql.php, line 500]
2014-09-05 10:18:07 Warning: Warning (2): mysql_get_server_info() expects parameter 1 to be resource, boolean given in [CORE/cake/libs/model/datasources/dbo/dbo_mysql.php, line 468]
2014-09-05 10:18:07 Warning: Warning (2): Invalid argument supplied for foreach() in [APP/views/elements/left_menu.ctp, line 5]
2014-09-05 10:18:08 Warning: Warning (2): mysql_connect() [http://php.net/function.mysql-connect]: Access denied for user 'inventario'@'localhost' (using password: YES) in [CORE/cake/libs/model/datasources/dbo/dbo_mysql.php, line 454]
2014-09-05 10:18:08 Warning: Warning (2): mysql_select_db() expects parameter 2 to be resource, boolean given in [CORE/cake/libs/model/datasources/dbo/dbo_mysql.php, line 460]
2014-09-05 10:18:08 Warning: Warning (2): mysql_query() expects parameter 2 to be resource, boolean given in [CORE/cake/libs/model/datasources/dbo/dbo_mysql.php, line 500]
2014-09-05 10:18:08 Warning: Warning (2): mysql_get_server_info() expects parameter 1 to be resource, boolean given in [CORE/cake/libs/model/datasources/dbo/dbo_mysql.php, line 468]
2014-09-05 10:18:08 Warning: Warning (2): Invalid argument supplied for foreach() in [APP/views/elements/left_menu.ctp, line 5]
2014-09-05 10:18:08 Warning: Warning (2): mysql_connect() [http://php.net/function.mysql-connect]: Access denied for user 'inventario'@'localhost' (using password: YES) in [CORE/cake/libs/model/datasources/dbo/dbo_mysql.php, line 454]
2014-09-05 10:18:08 Warning: Warning (2): mysql_select_db() expects parameter 2 to be resource, boolean given in [CORE/cake/libs/model/datasources/dbo/dbo_mysql.php, line 460]
2014-09-05 10:18:08 Warning: Warning (2): mysql_query() expects parameter 2 to be resource, boolean given in [CORE/cake/libs/model/datasources/dbo/dbo_mysql.php, line 500]
2014-09-05 10:18:08 Warning: Warning (2): mysql_get_server_info() expects parameter 1 to be resource, boolean given in [CORE/cake/libs/model/datasources/dbo/dbo_mysql.php, line 468]
2014-09-05 10:18:08 Warning: Warning (2): Invalid argument supplied for foreach() in [APP/views/elements/left_menu.ctp, line 5]
2014-09-05 10:18:08 Warning: Warning (2): mysql_connect() [http://php.net/function.mysql-connect]: Access denied for user 'inventario'@'localhost' (using password: YES) in [CORE/cake/libs/model/datasources/dbo/dbo_mysql.php, line 454]
2014-09-05 10:18:08 Warning: Warning (2): mysql_select_db() expects parameter 2 to be resource, boolean given in [CORE/cake/libs/model/datasources/dbo/dbo_mysql.php, line 460]
2014-09-05 10:18:08 Warning: Warning (2): mysql_query() expects parameter 2 to be resource, boolean given in [CORE/cake/libs/model/datasources/dbo/dbo_mysql.php, line 500]
2014-09-05 10:18:08 Warning: Warning (2): mysql_get_server_info() expects parameter 1 to be resource, boolean given in [CORE/cake/libs/model/datasources/dbo/dbo_mysql.php, line 468]
2014-09-05 10:18:08 Warning: Warning (2): Invalid argument supplied for foreach() in [APP/views/elements/left_menu.ctp, line 5]
2014-09-05 10:18:51 Warning: Warning (2): mysql_connect() [http://php.net/function.mysql-connect]: Access denied for user 'inventario'@'localhost' (using password: YES) in [CORE/cake/libs/model/datasources/dbo/dbo_mysql.php, line 454]
2014-09-05 10:18:51 Warning: Warning (2): mysql_select_db() expects parameter 2 to be resource, boolean given in [CORE/cake/libs/model/datasources/dbo/dbo_mysql.php, line 460]
2014-09-05 10:18:51 Warning: Warning (2): mysql_query() expects parameter 2 to be resource, boolean given in [CORE/cake/libs/model/datasources/dbo/dbo_mysql.php, line 500]
2014-09-05 10:18:51 Warning: Warning (2): mysql_get_server_info() expects parameter 1 to be resource, boolean given in [CORE/cake/libs/model/datasources/dbo/dbo_mysql.php, line 468]
2014-09-05 10:18:51 Warning: Warning (2): Invalid argument supplied for foreach() in [APP/views/elements/left_menu.ctp, line 5]
2014-09-05 10:18:52 Warning: Warning (2): mysql_connect() [http://php.net/function.mysql-connect]: Access denied for user 'inventario'@'localhost' (using password: YES) in [CORE/cake/libs/model/datasources/dbo/dbo_mysql.php, line 454]
2014-09-05 10:18:52 Warning: Warning (2): mysql_select_db() expects parameter 2 to be resource, boolean given in [CORE/cake/libs/model/datasources/dbo/dbo_mysql.php, line 460]
2014-09-05 10:18:52 Warning: Warning (2): mysql_query() expects parameter 2 to be resource, boolean given in [CORE/cake/libs/model/datasources/dbo/dbo_mysql.php, line 500]
2014-09-05 10:18:52 Warning: Warning (2): mysql_get_server_info() expects parameter 1 to be resource, boolean given in [CORE/cake/libs/model/datasources/dbo/dbo_mysql.php, line 468]
2014-09-05 10:18:52 Warning: Warning (2): Invalid argument supplied for foreach() in [APP/views/elements/left_menu.ctp, line 5]
2014-09-05 10:18:53 Warning: Warning (2): mysql_connect() [http://php.net/function.mysql-connect]: Access denied for user 'inventario'@'localhost' (using password: YES) in [CORE/cake/libs/model/datasources/dbo/dbo_mysql.php, line 454]
2014-09-05 10:18:53 Warning: Warning (2): mysql_select_db() expects parameter 2 to be resource, boolean given in [CORE/cake/libs/model/datasources/dbo/dbo_mysql.php, line 460]
2014-09-05 10:18:53 Warning: Warning (2): mysql_query() expects parameter 2 to be resource, boolean given in [CORE/cake/libs/model/datasources/dbo/dbo_mysql.php, line 500]
2014-09-05 10:18:53 Warning: Warning (2): mysql_get_server_info() expects parameter 1 to be resource, boolean given in [CORE/cake/libs/model/datasources/dbo/dbo_mysql.php, line 468]
2014-09-05 10:18:53 Warning: Warning (2): Invalid argument supplied for foreach() in [APP/views/elements/left_menu.ctp, line 5]
2014-09-05 10:18:54 Warning: Warning (2): mysql_connect() [http://php.net/function.mysql-connect]: Access denied for user 'inventario'@'localhost' (using password: YES) in [CORE/cake/libs/model/datasources/dbo/dbo_mysql.php, line 454]
2014-09-05 10:18:54 Warning: Warning (2): mysql_select_db() expects parameter 2 to be resource, boolean given in [CORE/cake/libs/model/datasources/dbo/dbo_mysql.php, line 460]
2014-09-05 10:18:54 Warning: Warning (2): mysql_query() expects parameter 2 to be resource, boolean given in [CORE/cake/libs/model/datasources/dbo/dbo_mysql.php, line 500]
2014-09-05 10:18:54 Warning: Warning (2): mysql_get_server_info() expects parameter 1 to be resource, boolean given in [CORE/cake/libs/model/datasources/dbo/dbo_mysql.php, line 468]
2014-09-05 10:18:54 Warning: Warning (2): Invalid argument supplied for foreach() in [APP/views/elements/left_menu.ctp, line 5]
2014-09-08 14:41:38 Warning: Warning (2): Invalid argument supplied for foreach() in [APP/views/elements/left_menu.ctp, line 5]
2014-09-08 16:03:02 Warning: Warning (2): Invalid argument supplied for foreach() in [APP/views/elements/left_menu.ctp, line 5]
2014-09-08 16:06:08 Warning: Warning (2): Invalid argument supplied for foreach() in [APP/views/elements/left_menu.ctp, line 5]
2014-09-08 16:07:38 Warning: Warning (2): Missing argument 1 for UsersController::search(), called in /s01/web/inventario/cake/libs/object.php on line 116 and defined in [APP/controllers/users_controller.php, line 253]
2014-09-08 16:07:51 Warning: Warning (2): Missing argument 1 for UsersController::search(), called in /s01/web/inventario/cake/libs/object.php on line 116 and defined in [APP/controllers/users_controller.php, line 253]
2014-09-08 16:12:01 Warning: Warning (2): Missing argument 1 for UsersController::search(), called in /s01/web/inventario/cake/libs/object.php on line 116 and defined in [APP/controllers/users_controller.php, line 253]
2014-09-08 16:12:25 Warning: Warning (2): Missing argument 1 for UsersController::search(), called in /s01/web/inventario/cake/libs/object.php on line 116 and defined in [APP/controllers/users_controller.php, line 253]
2014-09-08 16:19:26 Warning: Warning (2): Invalid argument supplied for foreach() in [APP/views/elements/left_menu.ctp, line 5]
2014-09-08 16:24:52 Warning: Warning (2): Invalid argument supplied for foreach() in [APP/views/elements/left_menu.ctp, line 5]
2014-09-08 16:25:13 Warning: Warning (2): Invalid argument supplied for foreach() in [APP/views/elements/left_menu.ctp, line 5]
2014-09-08 16:26:25 Warning: Warning (2): Invalid argument supplied for foreach() in [APP/views/elements/left_menu.ctp, line 5]
2014-09-08 16:26:30 Warning: Warning (2): Invalid argument supplied for foreach() in [APP/views/elements/left_menu.ctp, line 5]
2014-09-08 16:26:32 Warning: Warning (2): Invalid argument supplied for foreach() in [APP/views/elements/left_menu.ctp, line 5]
2014-09-08 16:26:34 Warning: Warning (2): Invalid argument supplied for foreach() in [APP/views/elements/left_menu.ctp, line 5]
2014-09-08 16:27:02 Warning: Warning (2): Invalid argument supplied for foreach() in [APP/views/elements/left_menu.ctp, line 5]
2014-09-08 16:28:35 Warning: Warning (2): Invalid argument supplied for foreach() in [APP/views/elements/left_menu.ctp, line 5]
2014-09-08 16:30:15 Warning: Warning (2): Invalid argument supplied for foreach() in [APP/views/elements/left_menu.ctp, line 5]
2014-09-08 16:30:31 Warning: Warning (2): Invalid argument supplied for foreach() in [APP/views/elements/left_menu.ctp, line 5]
2014-09-08 16:30:45 Warning: Warning (2): Invalid argument supplied for foreach() in [APP/views/elements/left_menu.ctp, line 5]
2014-09-08 16:31:03 Warning: Warning (2): Invalid argument supplied for foreach() in [APP/views/elements/left_menu.ctp, line 5]
2014-09-08 16:33:15 Warning: Warning (2): Invalid argument supplied for foreach() in [APP/views/elements/left_menu.ctp, line 5]
2014-09-08 16:33:27 Warning: Warning (2): Invalid argument supplied for foreach() in [APP/views/elements/left_menu.ctp, line 5]
2014-09-08 16:44:27 Warning: Warning (2): Invalid argument supplied for foreach() in [APP/views/elements/left_menu.ctp, line 5]
2014-09-08 16:53:35 Warning: Warning (2): Invalid argument supplied for foreach() in [APP/views/elements/left_menu.ctp, line 5]
2014-09-08 16:53:50 Warning: Warning (2): Missing argument 1 for UsersController::search(), called in /s01/web/inventario/cake/libs/object.php on line 116 and defined in [APP/controllers/users_controller.php, line 253]
2014-09-08 16:55:53 Warning: Warning (2): Missing argument 1 for UsersController::search(), called in /s01/web/inventario/cake/libs/object.php on line 116 and defined in [APP/controllers/users_controller.php, line 253]
2014-09-08 16:55:54 Warning: Warning (2): Missing argument 1 for UsersController::search(), called in /s01/web/inventario/cake/libs/object.php on line 116 and defined in [APP/controllers/users_controller.php, line 253]
2014-09-08 16:55:55 Warning: Warning (2): Missing argument 1 for UsersController::search(), called in /s01/web/inventario/cake/libs/object.php on line 116 and defined in [APP/controllers/users_controller.php, line 253]
2014-09-08 16:55:56 Warning: Warning (2): Missing argument 1 for UsersController::search(), called in /s01/web/inventario/cake/libs/object.php on line 116 and defined in [APP/controllers/users_controller.php, line 253]
2014-09-08 16:55:57 Warning: Warning (2): Missing argument 1 for UsersController::search(), called in /s01/web/inventario/cake/libs/object.php on line 116 and defined in [APP/controllers/users_controller.php, line 253]
2014-09-08 16:55:59 Warning: Warning (2): Missing argument 1 for UsersController::search(), called in /s01/web/inventario/cake/libs/object.php on line 116 and defined in [APP/controllers/users_controller.php, line 253]
2014-09-08 16:56:01 Warning: Warning (2): Missing argument 1 for UsersController::search(), called in /s01/web/inventario/cake/libs/object.php on line 116 and defined in [APP/controllers/users_controller.php, line 253]
2014-09-08 16:56:04 Warning: Warning (2): Missing argument 1 for UsersController::search(), called in /s01/web/inventario/cake/libs/object.php on line 116 and defined in [APP/controllers/users_controller.php, line 253]
2014-09-08 16:56:05 Warning: Warning (2): Missing argument 1 for UsersController::search(), called in /s01/web/inventario/cake/libs/object.php on line 116 and defined in [APP/controllers/users_controller.php, line 253]
2014-09-08 16:56:52 Warning: Warning (2): Missing argument 1 for UsersController::search(), called in /s01/web/inventario/cake/libs/object.php on line 116 and defined in [APP/controllers/users_controller.php, line 253]
2014-09-08 16:56:53 Warning: Warning (2): Missing argument 1 for UsersController::search(), called in /s01/web/inventario/cake/libs/object.php on line 116 and defined in [APP/controllers/users_controller.php, line 253]
2014-09-08 16:56:53 Warning: Warning (2): Missing argument 1 for UsersController::search(), called in /s01/web/inventario/cake/libs/object.php on line 116 and defined in [APP/controllers/users_controller.php, line 253]
2014-09-08 16:56:54 Warning: Warning (2): Missing argument 1 for UsersController::search(), called in /s01/web/inventario/cake/libs/object.php on line 116 and defined in [APP/controllers/users_controller.php, line 253]
2014-09-08 16:56:54 Warning: Warning (2): Missing argument 1 for UsersController::search(), called in /s01/web/inventario/cake/libs/object.php on line 116 and defined in [APP/controllers/users_controller.php, line 253]
2014-09-08 16:56:54 Warning: Warning (2): Missing argument 1 for UsersController::search(), called in /s01/web/inventario/cake/libs/object.php on line 116 and defined in [APP/controllers/users_controller.php, line 253]
2014-09-08 16:56:57 Warning: Warning (2): Missing argument 1 for UsersController::search(), called in /s01/web/inventario/cake/libs/object.php on line 116 and defined in [APP/controllers/users_controller.php, line 253]
2014-09-08 16:59:42 Warning: Warning (2): Missing argument 1 for UsersController::search(), called in /s01/web/inventario/cake/libs/object.php on line 116 and defined in [APP/controllers/users_controller.php, line 253]
2014-09-08 17:00:09 Warning: Warning (2): Missing argument 1 for UsersController::search(), called in /s01/web/inventario/cake/libs/object.php on line 116 and defined in [APP/controllers/users_controller.php, line 253]
2014-09-08 17:00:10 Warning: Warning (2): Missing argument 1 for UsersController::search(), called in /s01/web/inventario/cake/libs/object.php on line 116 and defined in [APP/controllers/users_controller.php, line 253]
2014-09-08 17:00:10 Warning: Warning (2): Missing argument 1 for UsersController::search(), called in /s01/web/inventario/cake/libs/object.php on line 116 and defined in [APP/controllers/users_controller.php, line 253]
2014-09-08 17:00:10 Warning: Warning (2): Missing argument 1 for UsersController::search(), called in /s01/web/inventario/cake/libs/object.php on line 116 and defined in [APP/controllers/users_controller.php, line 253]
2014-09-08 17:00:10 Warning: Warning (2): Missing argument 1 for UsersController::search(), called in /s01/web/inventario/cake/libs/object.php on line 116 and defined in [APP/controllers/users_controller.php, line 253]
2014-09-08 17:00:11 Warning: Warning (2): Missing argument 1 for UsersController::search(), called in /s01/web/inventario/cake/libs/object.php on line 116 and defined in [APP/controllers/users_controller.php, line 253]
2014-09-08 17:00:26 Warning: Warning (2): Missing argument 1 for UsersController::search(), called in /s01/web/inventario/cake/libs/object.php on line 116 and defined in [APP/controllers/users_controller.php, line 253]
2014-09-08 17:13:58 Warning: Warning (2): Invalid argument supplied for foreach() in [APP/views/elements/left_menu.ctp, line 5]
2014-09-08 17:14:21 Warning: Warning (2): Invalid argument supplied for foreach() in [APP/views/elements/left_menu.ctp, line 5]
2014-09-08 17:15:16 Warning: Warning (2): Invalid argument supplied for foreach() in [APP/views/elements/left_menu.ctp, line 5]
2014-09-08 17:15:26 Warning: Warning (2): Invalid argument supplied for foreach() in [APP/views/elements/left_menu.ctp, line 5]
2014-09-08 17:15:47 Warning: Warning (2): Invalid argument supplied for foreach() in [APP/views/elements/left_menu.ctp, line 5]
2014-09-08 17:18:00 Warning: Warning (2): Invalid argument supplied for foreach() in [APP/views/elements/left_menu.ctp, line 5]
2014-09-09 09:42:20 Warning: Warning (2): Invalid argument supplied for foreach() in [APP/views/elements/left_menu.ctp, line 5]
2014-09-09 09:42:26 Warning: Warning (2): Invalid argument supplied for foreach() in [APP/views/elements/left_menu.ctp, line 5]
2014-09-09 09:43:47 Warning: Warning (2): Missing argument 1 for UsersController::search(), called in /s01/web/inventario/cake/libs/object.php on line 116 and defined in [APP/controllers/users_controller.php, line 253]
2014-09-09 09:44:17 Warning: Warning (2): Missing argument 1 for UsersController::search(), called in /s01/web/inventario/cake/libs/object.php on line 116 and defined in [APP/controllers/users_controller.php, line 253]
2014-09-09 11:14:06 Warning: Warning (2): Invalid argument supplied for foreach() in [APP/views/elements/left_menu.ctp, line 5]
2014-09-09 16:17:19 Warning: Warning (2): Invalid argument supplied for foreach() in [APP/views/elements/left_menu.ctp, line 5]
2014-09-09 16:17:26 Warning: Warning (2): Invalid argument supplied for foreach() in [APP/views/elements/left_menu.ctp, line 5]
2014-09-10 09:32:34 Warning: Warning (2): Invalid argument supplied for foreach() in [APP/views/elements/left_menu.ctp, line 5]
2014-09-10 14:59:44 Warning: Warning (2): Missing argument 1 for UsersController::search(), called in /s01/web/inventario/cake/libs/object.php on line 116 and defined in [APP/controllers/users_controller.php, line 253]
2014-09-10 15:00:29 Warning: Warning (2): Missing argument 1 for UsersController::search(), called in /s01/web/inventario/cake/libs/object.php on line 116 and defined in [APP/controllers/users_controller.php, line 253]
2014-09-10 15:53:50 Warning: Warning (2): Invalid argument supplied for foreach() in [APP/views/elements/left_menu.ctp, line 5]
2014-09-10 15:54:04 Warning: Warning (2): Missing argument 1 for UsersController::search(), called in /s01/web/inventario/cake/libs/object.php on line 116 and defined in [APP/controllers/users_controller.php, line 253]
2014-09-10 15:54:51 Warning: Warning (2): Missing argument 1 for UsersController::search(), called in /s01/web/inventario/cake/libs/object.php on line 116 and defined in [APP/controllers/users_controller.php, line 253]
2014-09-10 15:54:55 Warning: Warning (2): Missing argument 1 for UsersController::search(), called in /s01/web/inventario/cake/libs/object.php on line 116 and defined in [APP/controllers/users_controller.php, line 253]
2014-09-10 15:55:00 Warning: Warning (2): Missing argument 1 for UsersController::search(), called in /s01/web/inventario/cake/libs/object.php on line 116 and defined in [APP/controllers/users_controller.php, line 253]
2014-09-10 15:55:06 Warning: Warning (2): Missing argument 1 for UsersController::search(), called in /s01/web/inventario/cake/libs/object.php on line 116 and defined in [APP/controllers/users_controller.php, line 253]
2014-09-10 15:55:09 Warning: Warning (2): Missing argument 1 for UsersController::search(), called in /s01/web/inventario/cake/libs/object.php on line 116 and defined in [APP/controllers/users_controller.php, line 253]
2014-09-11 09:31:39 Warning: Warning (2): Invalid argument supplied for foreach() in [APP/views/elements/left_menu.ctp, line 5]
2014-09-11 09:47:45 Warning: Warning (2): Missing argument 1 for UsersController::search(), called in /s01/web/inventario/cake/libs/object.php on line 116 and defined in [APP/controllers/users_controller.php, line 253]
2014-09-11 09:53:15 Warning: Warning (2): Missing argument 1 for UsersController::search(), called in /s01/web/inventario/cake/libs/object.php on line 116 and defined in [APP/controllers/users_controller.php, line 253]
2014-09-11 09:53:15 Warning: Warning (2): Missing argument 1 for UsersController::search(), called in /s01/web/inventario/cake/libs/object.php on line 116 and defined in [APP/controllers/users_controller.php, line 253]
2014-09-11 09:53:16 Warning: Warning (2): Missing argument 1 for UsersController::search(), called in /s01/web/inventario/cake/libs/object.php on line 116 and defined in [APP/controllers/users_controller.php, line 253]
2014-09-11 15:01:00 Warning: Warning (2): Invalid argument supplied for foreach() in [APP/views/elements/left_menu.ctp, line 5]
2014-09-15 15:36:29 Warning: Warning (2): Invalid argument supplied for foreach() in [APP/views/elements/left_menu.ctp, line 5]
2014-09-15 15:36:41 Warning: Warning (2): Invalid argument supplied for foreach() in [APP/views/elements/left_menu.ctp, line 5]
2014-09-15 15:40:45 Warning: Warning (2): Invalid argument supplied for foreach() in [APP/views/elements/left_menu.ctp, line 5]
2014-09-15 15:43:45 Warning: Warning (2): Invalid argument supplied for foreach() in [APP/views/elements/left_menu.ctp, line 5]
2014-09-15 15:43:56 Warning: Warning (2): Invalid argument supplied for foreach() in [APP/views/elements/left_menu.ctp, line 5]
2014-09-15 15:44:09 Warning: Warning (2): Invalid argument supplied for foreach() in [APP/views/elements/left_menu.ctp, line 5]
2014-09-15 15:54:59 Warning: Warning (2): Invalid argument supplied for foreach() in [APP/views/elements/left_menu.ctp, line 5]
2014-09-15 15:55:12 Warning: Warning (2): Invalid argument supplied for foreach() in [APP/views/elements/left_menu.ctp, line 5]
2014-09-15 16:22:16 Warning: Warning (2): Invalid argument supplied for foreach() in [APP/views/elements/left_menu.ctp, line 5]
2014-09-15 16:24:09 Warning: Warning (2): Missing argument 1 for UsersController::search(), called in /s01/web/inventario/cake/libs/object.php on line 116 and defined in [APP/controllers/users_controller.php, line 253]
2014-09-15 16:24:25 Warning: Warning (2): Missing argument 1 for UsersController::search(), called in /s01/web/inventario/cake/libs/object.php on line 116 and defined in [APP/controllers/users_controller.php, line 253]
2014-09-15 16:24:26 Warning: Warning (2): Missing argument 1 for UsersController::search(), called in /s01/web/inventario/cake/libs/object.php on line 116 and defined in [APP/controllers/users_controller.php, line 253]
2014-09-15 16:25:06 Warning: Warning (2): Missing argument 1 for UsersController::search(), called in /s01/web/inventario/cake/libs/object.php on line 116 and defined in [APP/controllers/users_controller.php, line 253]
2014-09-15 16:25:07 Warning: Warning (2): Missing argument 1 for UsersController::search(), called in /s01/web/inventario/cake/libs/object.php on line 116 and defined in [APP/controllers/users_controller.php, line 253]
2014-09-15 16:25:07 Warning: Warning (2): Missing argument 1 for UsersController::search(), called in /s01/web/inventario/cake/libs/object.php on line 116 and defined in [APP/controllers/users_controller.php, line 253]
2014-09-15 16:25:16 Warning: Warning (2): Invalid argument supplied for foreach() in [APP/views/elements/left_menu.ctp, line 5]
2014-09-15 16:25:26 Warning: Warning (2): Missing argument 1 for UsersController::search(), called in /s01/web/inventario/cake/libs/object.php on line 116 and defined in [APP/controllers/users_controller.php, line 253]
2014-09-15 16:25:44 Warning: Warning (2): Missing argument 1 for UsersController::search(), called in /s01/web/inventario/cake/libs/object.php on line 116 and defined in [APP/controllers/users_controller.php, line 253]
2014-09-15 16:25:51 Warning: Warning (2): Invalid argument supplied for foreach() in [APP/views/elements/left_menu.ctp, line 5]
2014-09-15 16:26:04 Warning: Warning (2): Missing argument 1 for UsersController::search(), called in /s01/web/inventario/cake/libs/object.php on line 116 and defined in [APP/controllers/users_controller.php, line 253]
2014-09-15 16:26:23 Warning: Warning (2): Missing argument 1 for UsersController::search(), called in /s01/web/inventario/cake/libs/object.php on line 116 and defined in [APP/controllers/users_controller.php, line 253]
2014-09-15 16:26:24 Warning: Warning (2): Missing argument 1 for UsersController::search(), called in /s01/web/inventario/cake/libs/object.php on line 116 and defined in [APP/controllers/users_controller.php, line 253]
2014-09-15 16:26:25 Warning: Warning (2): Missing argument 1 for UsersController::search(), called in /s01/web/inventario/cake/libs/object.php on line 116 and defined in [APP/controllers/users_controller.php, line 253]
2014-09-15 16:26:26 Warning: Warning (2): Missing argument 1 for UsersController::search(), called in /s01/web/inventario/cake/libs/object.php on line 116 and defined in [APP/controllers/users_controller.php, line 253]
2014-09-15 16:28:05 Warning: Warning (2): Missing argument 1 for UsersController::search(), called in /s01/web/inventario/cake/libs/object.php on line 116 and defined in [APP/controllers/users_controller.php, line 253]
2014-09-15 16:29:26 Warning: Warning (2): Invalid argument supplied for foreach() in [APP/views/elements/left_menu.ctp, line 5]
2014-09-15 16:34:41 Warning: Warning (2): Invalid argument supplied for foreach() in [APP/views/elements/left_menu.ctp, line 5]
2014-09-15 16:34:54 Warning: Warning (2): Missing argument 1 for UsersController::search(), called in /s01/web/inventario/cake/libs/object.php on line 116 and defined in [APP/controllers/users_controller.php, line 253]
2014-09-15 16:50:27 Warning: Warning (2): Missing argument 1 for UsersController::search(), called in /s01/web/inventario/cake/libs/object.php on line 116 and defined in [APP/controllers/users_controller.php, line 253]
2014-09-15 16:51:46 Warning: Warning (2): Missing argument 1 for UsersController::search(), called in /s01/web/inventario/cake/libs/object.php on line 116 and defined in [APP/controllers/users_controller.php, line 253]
2014-09-15 16:51:47 Warning: Warning (2): Missing argument 1 for UsersController::search(), called in /s01/web/inventario/cake/libs/object.php on line 116 and defined in [APP/controllers/users_controller.php, line 253]
2014-09-15 16:52:30 Warning: Warning (2): Invalid argument supplied for foreach() in [APP/views/elements/left_menu.ctp, line 5]
2014-09-15 16:54:03 Warning: Warning (2): Invalid argument supplied for foreach() in [APP/views/elements/left_menu.ctp, line 5]
2014-09-15 16:55:16 Warning: Warning (2): Missing argument 1 for UsersController::search(), called in /s01/web/inventario/cake/libs/object.php on line 116 and defined in [APP/controllers/users_controller.php, line 253]
2014-09-15 16:56:59 Warning: Warning (2): Missing argument 1 for UsersController::search(), called in /s01/web/inventario/cake/libs/object.php on line 116 and defined in [APP/controllers/users_controller.php, line 253]
2014-09-15 16:59:51 Warning: Warning (2): Missing argument 1 for UsersController::search(), called in /s01/web/inventario/cake/libs/object.php on line 116 and defined in [APP/controllers/users_controller.php, line 253]
2014-09-15 17:00:50 Warning: Warning (2): Missing argument 1 for UsersController::search(), called in /s01/web/inventario/cake/libs/object.php on line 116 and defined in [APP/controllers/users_controller.php, line 253]
2014-09-15 17:00:53 Warning: Warning (2): Missing argument 1 for UsersController::search(), called in /s01/web/inventario/cake/libs/object.php on line 116 and defined in [APP/controllers/users_controller.php, line 253]
2014-09-15 17:00:54 Warning: Warning (2): Missing argument 1 for UsersController::search(), called in /s01/web/inventario/cake/libs/object.php on line 116 and defined in [APP/controllers/users_controller.php, line 253]
2014-09-15 17:01:11 Warning: Warning (2): Missing argument 1 for UsersController::search(), called in /s01/web/inventario/cake/libs/object.php on line 116 and defined in [APP/controllers/users_controller.php, line 253]
2014-09-15 17:05:05 Warning: Warning (2): end() expects parameter 1 to be array, null given in [APP/views/helpers/jqgrid.php, line 42]
2014-09-15 17:05:05 Warning: Warning (2): Invalid argument supplied for foreach() in [APP/views/helpers/jqgrid.php, line 43]
2014-09-15 17:05:06 Warning: Warning (2): end() expects parameter 1 to be array, null given in [APP/views/helpers/jqgrid.php, line 42]
2014-09-15 17:05:06 Warning: Warning (2): Invalid argument supplied for foreach() in [APP/views/helpers/jqgrid.php, line 43]
2014-09-15 17:05:09 Warning: Warning (2): Missing argument 1 for UsersController::search(), called in /s01/web/inventario/cake/libs/object.php on line 116 and defined in [APP/controllers/users_controller.php, line 253]
2014-09-15 17:10:10 Warning: Warning (2): Missing argument 1 for UsersController::search(), called in /s01/web/inventario/cake/libs/object.php on line 116 and defined in [APP/controllers/users_controller.php, line 253]
2014-09-15 17:10:30 Warning: Warning (2): Invalid argument supplied for foreach() in [APP/views/elements/left_menu.ctp, line 5]
2014-09-15 17:11:07 Warning: Warning (2): Missing argument 1 for UsersController::search(), called in /s01/web/inventario/cake/libs/object.php on line 116 and defined in [APP/controllers/users_controller.php, line 253]
2014-09-15 17:11:21 Warning: Warning (2): Missing argument 1 for UsersController::search(), called in /s01/web/inventario/cake/libs/object.php on line 116 and defined in [APP/controllers/users_controller.php, line 253]
2014-09-15 17:11:22 Warning: Warning (2): Missing argument 1 for UsersController::search(), called in /s01/web/inventario/cake/libs/object.php on line 116 and defined in [APP/controllers/users_controller.php, line 253]
2014-09-15 17:21:57 Warning: Warning (2): Missing argument 1 for UsersController::search(), called in /s01/web/inventario/cake/libs/object.php on line 116 and defined in [APP/controllers/users_controller.php, line 253]
2014-09-16 09:42:36 Warning: Warning (2): Invalid argument supplied for foreach() in [APP/views/elements/left_menu.ctp, line 5]
2014-09-16 09:44:02 Warning: Warning (2): Missing argument 1 for UsersController::search(), called in /s01/web/inventario/cake/libs/object.php on line 116 and defined in [APP/controllers/users_controller.php, line 253]
2014-09-16 09:47:54 Warning: Warning (2): Missing argument 1 for UsersController::search(), called in /s01/web/inventario/cake/libs/object.php on line 116 and defined in [APP/controllers/users_controller.php, line 253]
2014-10-07 15:55:13 Warning: Warning (2): end() expects parameter 1 to be array, null given in [APP/views/helpers/jqgrid.php, line 42]
2014-10-07 15:55:13 Warning: Warning (2): Invalid argument supplied for foreach() in [APP/views/helpers/jqgrid.php, line 43]
